{"C:\\Users\\hi\\Desktop\\namaste-react\\src\\components\\Body.js": {"path":"C:\\Users\\hi\\Desktop\\namaste-react\\src\\components\\Body.js","statementMap":{"0":{"start":{"line":11,"column":13},"end":{"line":153,"column":1}},"1":{"start":{"line":12,"column":22},"end":{"line":12,"column":47}},"2":{"start":{"line":14,"column":44},"end":{"line":14,"column":56}},"3":{"start":{"line":16,"column":52},"end":{"line":16,"column":64}},"4":{"start":{"line":18,"column":28},"end":{"line":18,"column":60}},"5":{"start":{"line":20,"column":32},"end":{"line":20,"column":42}},"6":{"start":{"line":22,"column":28},"end":{"line":22,"column":40}},"7":{"start":{"line":24,"column":2},"end":{"line":26,"column":9}},"8":{"start":{"line":25,"column":4},"end":{"line":25,"column":16}},"9":{"start":{"line":28,"column":20},"end":{"line":48,"column":3}},"10":{"start":{"line":29,"column":17},"end":{"line":31,"column":5}},"11":{"start":{"line":33,"column":17},"end":{"line":33,"column":34}},"12":{"start":{"line":34,"column":4},"end":{"line":36,"column":6}},"13":{"start":{"line":38,"column":4},"end":{"line":38,"column":54}},"14":{"start":{"line":40,"column":4},"end":{"line":42,"column":6}},"15":{"start":{"line":43,"column":4},"end":{"line":45,"column":6}},"16":{"start":{"line":47,"column":4},"end":{"line":47,"column":70}},"17":{"start":{"line":50,"column":23},"end":{"line":50,"column":40}},"18":{"start":{"line":51,"column":2},"end":{"line":53,"column":3}},"19":{"start":{"line":52,"column":4},"end":{"line":52,"column":47}},"20":{"start":{"line":55,"column":2},"end":{"line":152,"column":4}},"21":{"start":{"line":68,"column":37},"end":{"line":68,"column":50}},"22":{"start":{"line":69,"column":12},"end":{"line":69,"column":51}},"23":{"start":{"line":77,"column":37},"end":{"line":79,"column":13}},"24":{"start":{"line":78,"column":23},"end":{"line":78,"column":47}},"25":{"start":{"line":80,"column":12},"end":{"line":80,"column":51}},"26":{"start":{"line":88,"column":37},"end":{"line":90,"column":13}},"27":{"start":{"line":89,"column":23},"end":{"line":89,"column":58}},"28":{"start":{"line":91,"column":12},"end":{"line":91,"column":51}},"29":{"start":{"line":99,"column":37},"end":{"line":101,"column":13}},"30":{"start":{"line":100,"column":23},"end":{"line":100,"column":74}},"31":{"start":{"line":102,"column":12},"end":{"line":102,"column":51}},"32":{"start":{"line":110,"column":37},"end":{"line":114,"column":13}},"33":{"start":{"line":112,"column":16},"end":{"line":113,"column":67}},"34":{"start":{"line":115,"column":12},"end":{"line":115,"column":51}},"35":{"start":{"line":123,"column":37},"end":{"line":131,"column":13}},"36":{"start":{"line":125,"column":16},"end":{"line":130,"column":21}},"37":{"start":{"line":132,"column":12},"end":{"line":132,"column":51}},"38":{"start":{"line":140,"column":10},"end":{"line":146,"column":17}}},"fnMap":{"0":{"name":"(anonymous_0)","decl":{"start":{"line":11,"column":13},"end":{"line":11,"column":14}},"loc":{"start":{"line":11,"column":19},"end":{"line":153,"column":1}},"line":11},"1":{"name":"(anonymous_1)","decl":{"start":{"line":24,"column":12},"end":{"line":24,"column":13}},"loc":{"start":{"line":24,"column":18},"end":{"line":26,"column":3}},"line":24},"2":{"name":"(anonymous_2)","decl":{"start":{"line":28,"column":20},"end":{"line":28,"column":21}},"loc":{"start":{"line":28,"column":32},"end":{"line":48,"column":3}},"line":28},"3":{"name":"(anonymous_3)","decl":{"start":{"line":67,"column":19},"end":{"line":67,"column":20}},"loc":{"start":{"line":67,"column":25},"end":{"line":70,"column":11}},"line":67},"4":{"name":"(anonymous_4)","decl":{"start":{"line":76,"column":19},"end":{"line":76,"column":20}},"loc":{"start":{"line":76,"column":25},"end":{"line":81,"column":11}},"line":76},"5":{"name":"(anonymous_5)","decl":{"start":{"line":78,"column":14},"end":{"line":78,"column":15}},"loc":{"start":{"line":78,"column":23},"end":{"line":78,"column":47}},"line":78},"6":{"name":"(anonymous_6)","decl":{"start":{"line":87,"column":19},"end":{"line":87,"column":20}},"loc":{"start":{"line":87,"column":25},"end":{"line":92,"column":11}},"line":87},"7":{"name":"(anonymous_7)","decl":{"start":{"line":89,"column":14},"end":{"line":89,"column":15}},"loc":{"start":{"line":89,"column":23},"end":{"line":89,"column":58}},"line":89},"8":{"name":"(anonymous_8)","decl":{"start":{"line":98,"column":19},"end":{"line":98,"column":20}},"loc":{"start":{"line":98,"column":25},"end":{"line":103,"column":11}},"line":98},"9":{"name":"(anonymous_9)","decl":{"start":{"line":100,"column":14},"end":{"line":100,"column":15}},"loc":{"start":{"line":100,"column":23},"end":{"line":100,"column":74}},"line":100},"10":{"name":"(anonymous_10)","decl":{"start":{"line":109,"column":19},"end":{"line":109,"column":20}},"loc":{"start":{"line":109,"column":25},"end":{"line":116,"column":11}},"line":109},"11":{"name":"(anonymous_11)","decl":{"start":{"line":111,"column":14},"end":{"line":111,"column":15}},"loc":{"start":{"line":112,"column":16},"end":{"line":113,"column":67}},"line":112},"12":{"name":"(anonymous_12)","decl":{"start":{"line":122,"column":19},"end":{"line":122,"column":20}},"loc":{"start":{"line":122,"column":25},"end":{"line":133,"column":11}},"line":122},"13":{"name":"(anonymous_13)","decl":{"start":{"line":124,"column":14},"end":{"line":124,"column":15}},"loc":{"start":{"line":125,"column":16},"end":{"line":130,"column":21}},"line":125},"14":{"name":"(anonymous_14)","decl":{"start":{"line":139,"column":31},"end":{"line":139,"column":32}},"loc":{"start":{"line":140,"column":10},"end":{"line":146,"column":17}},"line":140}},"branchMap":{"0":{"loc":{"start":{"line":51,"column":2},"end":{"line":53,"column":3}},"type":"if","locations":[{"start":{"line":51,"column":2},"end":{"line":53,"column":3}},{"start":{},"end":{}}],"line":51},"1":{"loc":{"start":{"line":55,"column":9},"end":{"line":152,"column":3}},"type":"cond-expr","locations":[{"start":{"line":56,"column":4},"end":{"line":56,"column":15}},{"start":{"line":58,"column":4},"end":{"line":151,"column":10}}],"line":55},"2":{"loc":{"start":{"line":112,"column":16},"end":{"line":113,"column":67}},"type":"binary-expr","locations":[{"start":{"line":112,"column":16},"end":{"line":112,"column":67}},{"start":{"line":113,"column":16},"end":{"line":113,"column":67}}],"line":112},"3":{"loc":{"start":{"line":141,"column":13},"end":{"line":145,"column":13}},"type":"cond-expr","locations":[{"start":{"line":142,"column":14},"end":{"line":142,"column":55}},{"start":{"line":144,"column":14},"end":{"line":144,"column":51}}],"line":141}},"s":{"0":1,"1":3,"2":3,"3":3,"4":3,"5":3,"6":3,"7":3,"8":1,"9":3,"10":1,"11":1,"12":1,"13":1,"14":1,"15":1,"16":1,"17":3,"18":3,"19":0,"20":3,"21":0,"22":0,"23":1,"24":20,"25":1,"26":0,"27":0,"28":0,"29":0,"30":0,"31":0,"32":0,"33":0,"34":0,"35":0,"36":0,"37":0,"38":39},"f":{"0":3,"1":1,"2":1,"3":0,"4":1,"5":20,"6":0,"7":0,"8":0,"9":0,"10":0,"11":0,"12":0,"13":0,"14":39},"b":{"0":[0,3],"1":[1,2],"2":[0,0],"3":[10,29]},"_coverageSchema":"1a1c01bbd47fc00a2c39e90264f33305004495a9","hash":"447536ebd57cc5067ae48827fa3e10628bf9d0c9"}
,"C:\\Users\\hi\\Desktop\\namaste-react\\src\\components\\Cart.js": {"path":"C:\\Users\\hi\\Desktop\\namaste-react\\src\\components\\Cart.js","statementMap":{"0":{"start":{"line":6,"column":13},"end":{"line":30,"column":1}},"1":{"start":{"line":7,"column":16},"end":{"line":7,"column":56}},"2":{"start":{"line":7,"column":39},"end":{"line":7,"column":55}},"3":{"start":{"line":8,"column":19},"end":{"line":8,"column":32}},"4":{"start":{"line":10,"column":26},"end":{"line":12,"column":3}},"5":{"start":{"line":11,"column":4},"end":{"line":11,"column":26}},"6":{"start":{"line":14,"column":2},"end":{"line":29,"column":4}}},"fnMap":{"0":{"name":"(anonymous_0)","decl":{"start":{"line":6,"column":13},"end":{"line":6,"column":14}},"loc":{"start":{"line":6,"column":19},"end":{"line":30,"column":1}},"line":6},"1":{"name":"(anonymous_1)","decl":{"start":{"line":7,"column":28},"end":{"line":7,"column":29}},"loc":{"start":{"line":7,"column":39},"end":{"line":7,"column":55}},"line":7},"2":{"name":"(anonymous_2)","decl":{"start":{"line":10,"column":26},"end":{"line":10,"column":27}},"loc":{"start":{"line":10,"column":32},"end":{"line":12,"column":3}},"line":10}},"branchMap":{},"s":{"0":1,"1":4,"2":6,"3":3,"4":3,"5":0,"6":3},"f":{"0":4,"1":6,"2":0},"b":{},"_coverageSchema":"1a1c01bbd47fc00a2c39e90264f33305004495a9","hash":"27c434a7d5857524d2a766db519a4f7dc547d52f"}
,"C:\\Users\\hi\\Desktop\\namaste-react\\src\\components\\Contact.js": {"path":"C:\\Users\\hi\\Desktop\\namaste-react\\src\\components\\Contact.js","statementMap":{"0":{"start":{"line":1,"column":16},"end":{"line":39,"column":1}},"1":{"start":{"line":2,"column":2},"end":{"line":38,"column":4}}},"fnMap":{"0":{"name":"(anonymous_0)","decl":{"start":{"line":1,"column":16},"end":{"line":1,"column":17}},"loc":{"start":{"line":1,"column":22},"end":{"line":39,"column":1}},"line":1}},"branchMap":{},"s":{"0":1,"1":4},"f":{"0":4},"b":{},"_coverageSchema":"1a1c01bbd47fc00a2c39e90264f33305004495a9","hash":"ab7ed931daf74c0bfcc4d4551c424fc3d8408727"}
,"C:\\Users\\hi\\Desktop\\namaste-react\\src\\components\\Header.js": {"path":"C:\\Users\\hi\\Desktop\\namaste-react\\src\\components\\Header.js","statementMap":{"0":{"start":{"line":8,"column":15},"end":{"line":66,"column":1}},"1":{"start":{"line":9,"column":40},"end":{"line":9,"column":57}},"2":{"start":{"line":10,"column":23},"end":{"line":10,"column":40}},"3":{"start":{"line":12,"column":15},"end":{"line":12,"column":55}},"4":{"start":{"line":12,"column":38},"end":{"line":12,"column":54}},"5":{"start":{"line":14,"column":2},"end":{"line":65,"column":4}},"6":{"start":{"line":54,"column":16},"end":{"line":56,"column":44}}},"fnMap":{"0":{"name":"(anonymous_0)","decl":{"start":{"line":8,"column":15},"end":{"line":8,"column":16}},"loc":{"start":{"line":8,"column":21},"end":{"line":66,"column":1}},"line":8},"1":{"name":"(anonymous_1)","decl":{"start":{"line":12,"column":27},"end":{"line":12,"column":28}},"loc":{"start":{"line":12,"column":38},"end":{"line":12,"column":54}},"line":12},"2":{"name":"(anonymous_2)","decl":{"start":{"line":53,"column":23},"end":{"line":53,"column":24}},"loc":{"start":{"line":53,"column":29},"end":{"line":57,"column":15}},"line":53}},"branchMap":{"0":{"loc":{"start":{"line":25,"column":45},"end":{"line":25,"column":71}},"type":"cond-expr","locations":[{"start":{"line":25,"column":60},"end":{"line":25,"column":64}},{"start":{"line":25,"column":67},"end":{"line":25,"column":71}}],"line":25},"1":{"loc":{"start":{"line":54,"column":16},"end":{"line":56,"column":43}},"type":"cond-expr","locations":[{"start":{"line":55,"column":20},"end":{"line":55,"column":44}},{"start":{"line":56,"column":20},"end":{"line":56,"column":43}}],"line":54}},"s":{"0":2,"1":11,"2":11,"3":11,"4":21,"5":11,"6":1},"f":{"0":11,"1":21,"2":1},"b":{"0":[11,0],"1":[1,0]},"_coverageSchema":"1a1c01bbd47fc00a2c39e90264f33305004495a9","hash":"ae67d85f103023f578d7b451f296112b8e82d849"}
,"C:\\Users\\hi\\Desktop\\namaste-react\\src\\components\\ItemList.js": {"path":"C:\\Users\\hi\\Desktop\\namaste-react\\src\\components\\ItemList.js","statementMap":{"0":{"start":{"line":5,"column":17},"end":{"line":65,"column":1}},"1":{"start":{"line":6,"column":20},"end":{"line":6,"column":26}},"2":{"start":{"line":8,"column":19},"end":{"line":8,"column":32}},"3":{"start":{"line":10,"column":24},"end":{"line":12,"column":3}},"4":{"start":{"line":11,"column":4},"end":{"line":11,"column":28}},"5":{"start":{"line":14,"column":2},"end":{"line":64,"column":4}},"6":{"start":{"line":17,"column":8},"end":{"line":61,"column":14}},"7":{"start":{"line":39,"column":31},"end":{"line":39,"column":50}},"8":{"start":{"line":46,"column":31},"end":{"line":46,"column":50}}},"fnMap":{"0":{"name":"(anonymous_0)","decl":{"start":{"line":5,"column":17},"end":{"line":5,"column":18}},"loc":{"start":{"line":5,"column":29},"end":{"line":65,"column":1}},"line":5},"1":{"name":"(anonymous_1)","decl":{"start":{"line":10,"column":24},"end":{"line":10,"column":25}},"loc":{"start":{"line":10,"column":34},"end":{"line":12,"column":3}},"line":10},"2":{"name":"(anonymous_2)","decl":{"start":{"line":16,"column":17},"end":{"line":16,"column":18}},"loc":{"start":{"line":17,"column":8},"end":{"line":61,"column":14}},"line":17},"3":{"name":"(anonymous_3)","decl":{"start":{"line":39,"column":25},"end":{"line":39,"column":26}},"loc":{"start":{"line":39,"column":31},"end":{"line":39,"column":50}},"line":39},"4":{"name":"(anonymous_4)","decl":{"start":{"line":46,"column":25},"end":{"line":46,"column":26}},"loc":{"start":{"line":46,"column":31},"end":{"line":46,"column":50}},"line":46}},"branchMap":{"0":{"loc":{"start":{"line":28,"column":17},"end":{"line":30,"column":53}},"type":"cond-expr","locations":[{"start":{"line":29,"column":20},"end":{"line":29,"column":46}},{"start":{"line":30,"column":20},"end":{"line":30,"column":53}}],"line":28},"1":{"loc":{"start":{"line":36,"column":13},"end":{"line":50,"column":13}},"type":"cond-expr","locations":[{"start":{"line":37,"column":14},"end":{"line":42,"column":23}},{"start":{"line":44,"column":14},"end":{"line":49,"column":23}}],"line":36},"2":{"loc":{"start":{"line":52,"column":13},"end":{"line":59,"column":13}},"type":"cond-expr","locations":[{"start":{"line":53,"column":14},"end":{"line":56,"column":16}},{"start":{"line":58,"column":14},"end":{"line":58,"column":19}}],"line":52}},"s":{"0":1,"1":8,"2":7,"3":7,"4":4,"5":7,"6":29,"7":4,"8":0},"f":{"0":8,"1":4,"2":29,"3":4,"4":0},"b":{"0":[29,0],"1":[29,0],"2":[29,0]},"_coverageSchema":"1a1c01bbd47fc00a2c39e90264f33305004495a9","hash":"bd674063649b9098e48e3292a6de318118587723"}
,"C:\\Users\\hi\\Desktop\\namaste-react\\src\\components\\RestrauntMenu.js": {"path":"C:\\Users\\hi\\Desktop\\namaste-react\\src\\components\\RestrauntMenu.js","statementMap":{"0":{"start":{"line":7,"column":22},"end":{"line":43,"column":1}},"1":{"start":{"line":8,"column":20},"end":{"line":8,"column":31}},"2":{"start":{"line":9,"column":18},"end":{"line":9,"column":41}},"3":{"start":{"line":11,"column":36},"end":{"line":11,"column":46}},"4":{"start":{"line":13,"column":2},"end":{"line":13,"column":43}},"5":{"start":{"line":13,"column":24},"end":{"line":13,"column":43}},"6":{"start":{"line":16,"column":4},"end":{"line":16,"column":45}},"7":{"start":{"line":19,"column":4},"end":{"line":20,"column":12}},"8":{"start":{"line":23,"column":4},"end":{"line":27,"column":5}},"9":{"start":{"line":25,"column":8},"end":{"line":26,"column":70}},"10":{"start":{"line":28,"column":2},"end":{"line":42,"column":4}},"11":{"start":{"line":34,"column":8},"end":{"line":39,"column":10}},"12":{"start":{"line":38,"column":30},"end":{"line":38,"column":49}}},"fnMap":{"0":{"name":"(anonymous_0)","decl":{"start":{"line":7,"column":22},"end":{"line":7,"column":23}},"loc":{"start":{"line":7,"column":28},"end":{"line":43,"column":1}},"line":7},"1":{"name":"(anonymous_1)","decl":{"start":{"line":24,"column":6},"end":{"line":24,"column":7}},"loc":{"start":{"line":25,"column":8},"end":{"line":26,"column":70}},"line":25},"2":{"name":"(anonymous_2)","decl":{"start":{"line":33,"column":22},"end":{"line":33,"column":23}},"loc":{"start":{"line":34,"column":8},"end":{"line":39,"column":10}},"line":34},"3":{"name":"(anonymous_3)","decl":{"start":{"line":38,"column":24},"end":{"line":38,"column":25}},"loc":{"start":{"line":38,"column":30},"end":{"line":38,"column":49}},"line":38}},"branchMap":{"0":{"loc":{"start":{"line":13,"column":2},"end":{"line":13,"column":43}},"type":"if","locations":[{"start":{"line":13,"column":2},"end":{"line":13,"column":43}},{"start":{},"end":{}}],"line":13},"1":{"loc":{"start":{"line":37,"column":21},"end":{"line":37,"column":47}},"type":"binary-expr","locations":[{"start":{"line":37,"column":21},"end":{"line":37,"column":39}},{"start":{"line":37,"column":43},"end":{"line":37,"column":47}}],"line":37}},"s":{"0":1,"1":12,"2":12,"3":12,"4":12,"5":4,"6":8,"7":8,"8":8,"9":120,"10":8,"11":88,"12":4},"f":{"0":12,"1":120,"2":88,"3":4},"b":{"0":[4,8],"1":[88,4]},"_coverageSchema":"1a1c01bbd47fc00a2c39e90264f33305004495a9","hash":"db25e6eb5bfd58ebbcff7ee095fe92470b311975"}
,"C:\\Users\\hi\\Desktop\\namaste-react\\src\\components\\Restrauntcard.js": {"path":"C:\\Users\\hi\\Desktop\\namaste-react\\src\\components\\Restrauntcard.js","statementMap":{"0":{"start":{"line":5,"column":22},"end":{"line":63,"column":1}},"1":{"start":{"line":6,"column":22},"end":{"line":6,"column":27}},"2":{"start":{"line":7,"column":2},"end":{"line":7,"column":23}},"3":{"start":{"line":10,"column":4},"end":{"line":10,"column":17}},"4":{"start":{"line":12,"column":23},"end":{"line":12,"column":46}},"5":{"start":{"line":14,"column":2},"end":{"line":62,"column":4}},"6":{"start":{"line":65,"column":33},"end":{"line":76,"column":1}},"7":{"start":{"line":66,"column":2},"end":{"line":75,"column":4}},"8":{"start":{"line":67,"column":4},"end":{"line":74,"column":6}}},"fnMap":{"0":{"name":"(anonymous_0)","decl":{"start":{"line":5,"column":22},"end":{"line":5,"column":23}},"loc":{"start":{"line":5,"column":33},"end":{"line":63,"column":1}},"line":5},"1":{"name":"(anonymous_1)","decl":{"start":{"line":65,"column":33},"end":{"line":65,"column":34}},"loc":{"start":{"line":65,"column":52},"end":{"line":76,"column":1}},"line":65},"2":{"name":"(anonymous_2)","decl":{"start":{"line":66,"column":9},"end":{"line":66,"column":10}},"loc":{"start":{"line":66,"column":20},"end":{"line":75,"column":3}},"line":66}},"branchMap":{"0":{"loc":{"start":{"line":19,"column":7},"end":{"line":26,"column":7}},"type":"cond-expr","locations":[{"start":{"line":20,"column":8},"end":{"line":23,"column":16}},{"start":{"line":25,"column":8},"end":{"line":25,"column":169}}],"line":19}},"s":{"0":2,"1":40,"2":40,"3":40,"4":40,"5":40,"6":2,"7":4,"8":11},"f":{"0":40,"1":4,"2":11},"b":{"0":[36,4]},"_coverageSchema":"1a1c01bbd47fc00a2c39e90264f33305004495a9","hash":"e4d478b7002dcd33b765468af52eb2c2d30feeb4"}
,"C:\\Users\\hi\\Desktop\\namaste-react\\src\\components\\sum.js": {"path":"C:\\Users\\hi\\Desktop\\namaste-react\\src\\components\\sum.js","statementMap":{"0":{"start":{"line":1,"column":19},"end":{"line":3,"column":1}},"1":{"start":{"line":2,"column":2},"end":{"line":2,"column":15}}},"fnMap":{"0":{"name":"(anonymous_0)","decl":{"start":{"line":1,"column":19},"end":{"line":1,"column":20}},"loc":{"start":{"line":1,"column":29},"end":{"line":3,"column":1}},"line":1}},"branchMap":{},"s":{"0":1,"1":1},"f":{"0":1},"b":{},"_coverageSchema":"1a1c01bbd47fc00a2c39e90264f33305004495a9","hash":"dc8936dac6e83e2464921a9a6f73d18fbc31daa2"}
,"C:\\Users\\hi\\Desktop\\namaste-react\\src\\utils\\appStore.js": {"path":"C:\\Users\\hi\\Desktop\\namaste-react\\src\\utils\\appStore.js","statementMap":{"0":{"start":{"line":4,"column":17},"end":{"line":8,"column":2}}},"fnMap":{},"branchMap":{},"s":{"0":2},"f":{},"b":{},"_coverageSchema":"1a1c01bbd47fc00a2c39e90264f33305004495a9","hash":"55fd5cddd1b52321e92341b82835cce46b7b00e4"}
}
