TN:
SF:src\components\Body.js
FN:11,(anonymous_0)
FN:24,(anonymous_1)
FN:28,(anonymous_2)
FN:67,(anonymous_3)
FN:76,(anonymous_4)
FN:78,(anonymous_5)
FN:87,(anonymous_6)
FN:89,(anonymous_7)
FN:98,(anonymous_8)
FN:100,(anonymous_9)
FN:109,(anonymous_10)
FN:111,(anonymous_11)
FN:122,(anonymous_12)
FN:124,(anonymous_13)
FN:139,(anonymous_14)
FNF:15
FNH:6
FNDA:3,(anonymous_0)
FNDA:1,(anonymous_1)
FNDA:1,(anonymous_2)
FNDA:0,(anonymous_3)
FNDA:1,(anonymous_4)
FNDA:20,(anonymous_5)
FNDA:0,(anonymous_6)
FNDA:0,(anonymous_7)
FNDA:0,(anonymous_8)
FNDA:0,(anonymous_9)
FNDA:0,(anonymous_10)
FNDA:0,(anonymous_11)
FNDA:0,(anonymous_12)
FNDA:0,(anonymous_13)
FNDA:39,(anonymous_14)
DA:11,1
DA:12,3
DA:14,3
DA:16,3
DA:18,3
DA:20,3
DA:22,3
DA:24,3
DA:25,1
DA:28,3
DA:29,1
DA:33,1
DA:34,1
DA:38,1
DA:40,1
DA:43,1
DA:47,1
DA:50,3
DA:51,3
DA:52,0
DA:55,3
DA:68,0
DA:69,0
DA:77,1
DA:78,20
DA:80,1
DA:88,0
DA:89,0
DA:91,0
DA:99,0
DA:100,0
DA:102,0
DA:110,0
DA:112,0
DA:115,0
DA:123,0
DA:125,0
DA:132,0
DA:140,39
LF:39
LH:24
BRDA:51,0,0,0
BRDA:51,0,1,3
BRDA:55,1,0,1
BRDA:55,1,1,2
BRDA:112,2,0,0
BRDA:112,2,1,0
BRDA:141,3,0,10
BRDA:141,3,1,29
BRF:8
BRH:5
end_of_record
TN:
SF:src\components\Cart.js
FN:6,(anonymous_0)
FN:7,(anonymous_1)
FN:10,(anonymous_2)
FNF:3
FNH:2
FNDA:4,(anonymous_0)
FNDA:6,(anonymous_1)
FNDA:0,(anonymous_2)
DA:6,1
DA:7,6
DA:8,3
DA:10,3
DA:11,0
DA:14,3
LF:6
LH:5
BRF:0
BRH:0
end_of_record
TN:
SF:src\components\Contact.js
FN:1,(anonymous_0)
FNF:1
FNH:1
FNDA:4,(anonymous_0)
DA:1,1
DA:2,4
LF:2
LH:2
BRF:0
BRH:0
end_of_record
TN:
SF:src\components\Header.js
FN:8,(anonymous_0)
FN:12,(anonymous_1)
FN:53,(anonymous_2)
FNF:3
FNH:3
FNDA:11,(anonymous_0)
FNDA:21,(anonymous_1)
FNDA:1,(anonymous_2)
DA:8,2
DA:9,11
DA:10,11
DA:12,21
DA:14,11
DA:54,1
LF:6
LH:6
BRDA:25,0,0,11
BRDA:25,0,1,0
BRDA:54,1,0,1
BRDA:54,1,1,0
BRF:4
BRH:2
end_of_record
TN:
SF:src\components\ItemList.js
FN:5,(anonymous_0)
FN:10,(anonymous_1)
FN:16,(anonymous_2)
FN:39,(anonymous_3)
FN:46,(anonymous_4)
FNF:5
FNH:4
FNDA:8,(anonymous_0)
FNDA:4,(anonymous_1)
FNDA:29,(anonymous_2)
FNDA:4,(anonymous_3)
FNDA:0,(anonymous_4)
DA:5,1
DA:6,8
DA:8,7
DA:10,7
DA:11,4
DA:14,7
DA:17,29
DA:39,4
DA:46,0
LF:9
LH:8
BRDA:28,0,0,29
BRDA:28,0,1,0
BRDA:36,1,0,29
BRDA:36,1,1,0
BRDA:52,2,0,29
BRDA:52,2,1,0
BRF:6
BRH:3
end_of_record
TN:
SF:src\components\RestrauntMenu.js
FN:7,(anonymous_0)
FN:24,(anonymous_1)
FN:33,(anonymous_2)
FN:38,(anonymous_3)
FNF:4
FNH:4
FNDA:12,(anonymous_0)
FNDA:120,(anonymous_1)
FNDA:88,(anonymous_2)
FNDA:4,(anonymous_3)
DA:7,1
DA:8,12
DA:9,12
DA:11,12
DA:13,12
DA:16,8
DA:19,8
DA:23,8
DA:25,120
DA:28,8
DA:34,88
DA:38,4
LF:12
LH:12
BRDA:13,0,0,4
BRDA:13,0,1,8
BRDA:37,1,0,88
BRDA:37,1,1,4
BRF:4
BRH:4
end_of_record
TN:
SF:src\components\Restrauntcard.js
FN:5,(anonymous_0)
FN:65,(anonymous_1)
FN:66,(anonymous_2)
FNF:3
FNH:3
FNDA:40,(anonymous_0)
FNDA:4,(anonymous_1)
FNDA:11,(anonymous_2)
DA:5,2
DA:6,40
DA:7,40
DA:10,40
DA:12,40
DA:14,40
DA:65,2
DA:66,4
DA:67,11
LF:9
LH:9
BRDA:19,0,0,36
BRDA:19,0,1,4
BRF:2
BRH:2
end_of_record
TN:
SF:src\components\sum.js
FN:1,(anonymous_0)
FNF:1
FNH:1
FNDA:1,(anonymous_0)
DA:1,1
DA:2,1
LF:2
LH:2
BRF:0
BRH:0
end_of_record
TN:
SF:src\utils\appStore.js
FNF:0
FNH:0
DA:4,2
LF:1
LH:1
BRF:0
BRH:0
end_of_record
